02-Mar-2018 00:01:08.521 INFO [ContainerBackgroundProcessor[StandardEngine[Catalina]]] org.apache.catalina.startup.HostConfig.undeploy Undeploying context [/VirtualTradingAssistant]
02-Mar-2018 00:01:08.538 INFO [localhost-startStop-6] org.apache.catalina.startup.HostConfig.deployWAR Deploying web application archive [C:\Users\ojwoo\Downloads\apache-tomcat-8.5.28\webapps\VirtualTradingAssistant.war]
02-Mar-2018 00:01:08.791 INFO [localhost-startStop-6] org.apache.catalina.startup.HostConfig.deployWAR Deployment of web application archive [C:\Users\ojwoo\Downloads\apache-tomcat-8.5.28\webapps\VirtualTradingAssistant.war] has finished in [253] ms
02-Mar-2018 00:05:19.623 INFO [ContainerBackgroundProcessor[StandardEngine[Catalina]]] org.apache.catalina.startup.HostConfig.undeploy Undeploying context [/VirtualTradingAssistant]
02-Mar-2018 00:05:29.687 INFO [localhost-startStop-7] org.apache.catalina.startup.HostConfig.deployWAR Deploying web application archive [C:\Users\ojwoo\Downloads\apache-tomcat-8.5.28\webapps\VirtualTradingAssistant.war]
02-Mar-2018 00:05:30.081 INFO [localhost-startStop-7] org.apache.catalina.startup.HostConfig.deployWAR Deployment of web application archive [C:\Users\ojwoo\Downloads\apache-tomcat-8.5.28\webapps\VirtualTradingAssistant.war] has finished in [394] ms
02-Mar-2018 01:27:55.239 INFO [ContainerBackgroundProcessor[StandardEngine[Catalina]]] org.apache.catalina.startup.HostConfig.undeploy Undeploying context [/VirtualTradingAssistant]
02-Mar-2018 01:27:55.255 INFO [localhost-startStop-8] org.apache.catalina.startup.HostConfig.deployWAR Deploying web application archive [C:\Users\ojwoo\Downloads\apache-tomcat-8.5.28\webapps\VirtualTradingAssistant.war]
02-Mar-2018 01:27:55.688 INFO [localhost-startStop-8] org.apache.catalina.startup.HostConfig.deployWAR Deployment of web application archive [C:\Users\ojwoo\Downloads\apache-tomcat-8.5.28\webapps\VirtualTradingAssistant.war] has finished in [433] ms
02-Mar-2018 01:31:26.438 INFO [ContainerBackgroundProcessor[StandardEngine[Catalina]]] org.apache.catalina.startup.HostConfig.undeploy Undeploying context [/VirtualTradingAssistant]
02-Mar-2018 01:31:36.478 INFO [localhost-startStop-9] org.apache.catalina.startup.HostConfig.deployWAR Deploying web application archive [C:\Users\ojwoo\Downloads\apache-tomcat-8.5.28\webapps\VirtualTradingAssistant.war]
02-Mar-2018 01:31:36.774 INFO [localhost-startStop-9] org.apache.catalina.startup.HostConfig.deployWAR Deployment of web application archive [C:\Users\ojwoo\Downloads\apache-tomcat-8.5.28\webapps\VirtualTradingAssistant.war] has finished in [296] ms
02-Mar-2018 01:32:17.324 INFO [ContainerBackgroundProcessor[StandardEngine[Catalina]]] org.apache.catalina.startup.HostConfig.undeploy Undeploying context [/VirtualTradingAssistant]
02-Mar-2018 01:33:13.671 INFO [Thread-5] org.apache.coyote.AbstractProtocol.pause Pausing ProtocolHandler ["http-nio-8080"]
02-Mar-2018 01:33:14.065 INFO [Thread-5] org.apache.coyote.AbstractProtocol.pause Pausing ProtocolHandler ["ajp-nio-8009"]
02-Mar-2018 01:33:14.287 INFO [Thread-5] org.apache.catalina.core.StandardService.stopInternal Stopping service [Catalina]
02-Mar-2018 01:33:14.325 INFO [Thread-5] org.apache.coyote.AbstractProtocol.stop Stopping ProtocolHandler ["http-nio-8080"]
02-Mar-2018 01:33:14.341 INFO [Thread-5] org.apache.coyote.AbstractProtocol.stop Stopping ProtocolHandler ["ajp-nio-8009"]
02-Mar-2018 01:33:14.341 INFO [Thread-5] org.apache.coyote.AbstractProtocol.destroy Destroying ProtocolHandler ["http-nio-8080"]
02-Mar-2018 01:33:14.341 INFO [Thread-5] org.apache.coyote.AbstractProtocol.destroy Destroying ProtocolHandler ["ajp-nio-8009"]
02-Mar-2018 01:33:30.057 INFO [main] org.apache.catalina.startup.VersionLoggerListener.log Server version:        Apache Tomcat/8.5.28
02-Mar-2018 01:33:30.072 INFO [main] org.apache.catalina.startup.VersionLoggerListener.log Server built:          Feb 6 2018 23:10:25 UTC
02-Mar-2018 01:33:30.073 INFO [main] org.apache.catalina.startup.VersionLoggerListener.log Server number:         8.5.28.0
02-Mar-2018 01:33:30.073 INFO [main] org.apache.catalina.startup.VersionLoggerListener.log OS Name:               Windows 10
02-Mar-2018 01:33:30.073 INFO [main] org.apache.catalina.startup.VersionLoggerListener.log OS Version:            10.0
02-Mar-2018 01:33:30.073 INFO [main] org.apache.catalina.startup.VersionLoggerListener.log Architecture:          amd64
02-Mar-2018 01:33:30.073 INFO [main] org.apache.catalina.startup.VersionLoggerListener.log Java Home:             C:\Program Files\Java\jre1.8.0_161
02-Mar-2018 01:33:30.073 INFO [main] org.apache.catalina.startup.VersionLoggerListener.log JVM Version:           1.8.0_161-b12
02-Mar-2018 01:33:30.073 INFO [main] org.apache.catalina.startup.VersionLoggerListener.log JVM Vendor:            Oracle Corporation
02-Mar-2018 01:33:30.074 INFO [main] org.apache.catalina.startup.VersionLoggerListener.log CATALINA_BASE:         C:\Users\ojwoo\Downloads\apache-tomcat-8.5.28
02-Mar-2018 01:33:30.074 INFO [main] org.apache.catalina.startup.VersionLoggerListener.log CATALINA_HOME:         C:\Users\ojwoo\Downloads\apache-tomcat-8.5.28
02-Mar-2018 01:33:30.074 INFO [main] org.apache.catalina.startup.VersionLoggerListener.log Command line argument: -Djava.util.logging.config.file=C:\Users\ojwoo\Downloads\apache-tomcat-8.5.28\conf\logging.properties
02-Mar-2018 01:33:30.074 INFO [main] org.apache.catalina.startup.VersionLoggerListener.log Command line argument: -Djava.util.logging.manager=org.apache.juli.ClassLoaderLogManager
02-Mar-2018 01:33:30.074 INFO [main] org.apache.catalina.startup.VersionLoggerListener.log Command line argument: -Djdk.tls.ephemeralDHKeySize=2048
02-Mar-2018 01:33:30.074 INFO [main] org.apache.catalina.startup.VersionLoggerListener.log Command line argument: -Djava.protocol.handler.pkgs=org.apache.catalina.webresources
02-Mar-2018 01:33:30.074 INFO [main] org.apache.catalina.startup.VersionLoggerListener.log Command line argument: -Dignore.endorsed.dirs=
02-Mar-2018 01:33:30.075 INFO [main] org.apache.catalina.startup.VersionLoggerListener.log Command line argument: -Dcatalina.base=C:\Users\ojwoo\Downloads\apache-tomcat-8.5.28
02-Mar-2018 01:33:30.075 INFO [main] org.apache.catalina.startup.VersionLoggerListener.log Command line argument: -Dcatalina.home=C:\Users\ojwoo\Downloads\apache-tomcat-8.5.28
02-Mar-2018 01:33:30.075 INFO [main] org.apache.catalina.startup.VersionLoggerListener.log Command line argument: -Djava.io.tmpdir=C:\Users\ojwoo\Downloads\apache-tomcat-8.5.28\temp
02-Mar-2018 01:33:30.075 INFO [main] org.apache.catalina.core.AprLifecycleListener.lifecycleEvent Loaded APR based Apache Tomcat Native library [1.2.16] using APR version [1.6.3].
02-Mar-2018 01:33:30.075 INFO [main] org.apache.catalina.core.AprLifecycleListener.lifecycleEvent APR capabilities: IPv6 [true], sendfile [true], accept filters [false], random [true].
02-Mar-2018 01:33:30.075 INFO [main] org.apache.catalina.core.AprLifecycleListener.lifecycleEvent APR/OpenSSL configuration: useAprConnector [false], useOpenSSL [true]
02-Mar-2018 01:33:30.738 INFO [main] org.apache.catalina.core.AprLifecycleListener.initializeSSL OpenSSL successfully initialized [OpenSSL 1.0.2m  2 Nov 2017]
02-Mar-2018 01:33:30.955 INFO [main] org.apache.coyote.AbstractProtocol.init Initializing ProtocolHandler ["http-nio-8080"]
02-Mar-2018 01:33:31.702 INFO [main] org.apache.tomcat.util.net.NioSelectorPool.getSharedSelector Using a shared selector for servlet write/read
02-Mar-2018 01:33:31.706 INFO [main] org.apache.coyote.AbstractProtocol.init Initializing ProtocolHandler ["ajp-nio-8009"]
02-Mar-2018 01:33:31.706 INFO [main] org.apache.tomcat.util.net.NioSelectorPool.getSharedSelector Using a shared selector for servlet write/read
02-Mar-2018 01:33:31.706 INFO [main] org.apache.catalina.startup.Catalina.load Initialization processed in 1997 ms
02-Mar-2018 01:33:31.777 INFO [main] org.apache.catalina.core.StandardService.startInternal Starting service [Catalina]
02-Mar-2018 01:33:31.778 INFO [main] org.apache.catalina.core.StandardEngine.startInternal Starting Servlet Engine: Apache Tomcat/8.5.28
02-Mar-2018 01:33:31.779 INFO [localhost-startStop-1] org.apache.catalina.startup.HostConfig.deployDirectory Deploying web application directory [C:\Users\ojwoo\Downloads\apache-tomcat-8.5.28\webapps\docs]
02-Mar-2018 01:33:32.257 INFO [localhost-startStop-1] org.apache.jasper.servlet.TldScanner.scanJars At least one JAR was scanned for TLDs yet contained no TLDs. Enable debug logging for this logger for a complete list of JARs that were scanned but no TLDs were found in them. Skipping unneeded JARs during scanning can improve startup time and JSP compilation time.
02-Mar-2018 01:33:32.357 INFO [localhost-startStop-1] org.apache.catalina.startup.HostConfig.deployDirectory Deployment of web application directory [C:\Users\ojwoo\Downloads\apache-tomcat-8.5.28\webapps\docs] has finished in [578] ms
02-Mar-2018 01:33:32.357 INFO [localhost-startStop-1] org.apache.catalina.startup.HostConfig.deployDirectory Deploying web application directory [C:\Users\ojwoo\Downloads\apache-tomcat-8.5.28\webapps\examples]
02-Mar-2018 01:33:32.991 INFO [localhost-startStop-1] org.apache.jasper.servlet.TldScanner.scanJars At least one JAR was scanned for TLDs yet contained no TLDs. Enable debug logging for this logger for a complete list of JARs that were scanned but no TLDs were found in them. Skipping unneeded JARs during scanning can improve startup time and JSP compilation time.
02-Mar-2018 01:33:33.092 INFO [localhost-startStop-1] org.apache.catalina.startup.HostConfig.deployDirectory Deployment of web application directory [C:\Users\ojwoo\Downloads\apache-tomcat-8.5.28\webapps\examples] has finished in [735] ms
02-Mar-2018 01:33:33.092 INFO [localhost-startStop-1] org.apache.catalina.startup.HostConfig.deployDirectory Deploying web application directory [C:\Users\ojwoo\Downloads\apache-tomcat-8.5.28\webapps\host-manager]
02-Mar-2018 01:33:33.224 INFO [localhost-startStop-1] org.apache.jasper.servlet.TldScanner.scanJars At least one JAR was scanned for TLDs yet contained no TLDs. Enable debug logging for this logger for a complete list of JARs that were scanned but no TLDs were found in them. Skipping unneeded JARs during scanning can improve startup time and JSP compilation time.
02-Mar-2018 01:33:33.224 INFO [localhost-startStop-1] org.apache.catalina.startup.HostConfig.deployDirectory Deployment of web application directory [C:\Users\ojwoo\Downloads\apache-tomcat-8.5.28\webapps\host-manager] has finished in [132] ms
02-Mar-2018 01:33:33.224 INFO [localhost-startStop-1] org.apache.catalina.startup.HostConfig.deployDirectory Deploying web application directory [C:\Users\ojwoo\Downloads\apache-tomcat-8.5.28\webapps\manager]
02-Mar-2018 01:33:33.337 INFO [localhost-startStop-1] org.apache.jasper.servlet.TldScanner.scanJars At least one JAR was scanned for TLDs yet contained no TLDs. Enable debug logging for this logger for a complete list of JARs that were scanned but no TLDs were found in them. Skipping unneeded JARs during scanning can improve startup time and JSP compilation time.
02-Mar-2018 01:33:33.337 INFO [localhost-startStop-1] org.apache.catalina.startup.HostConfig.deployDirectory Deployment of web application directory [C:\Users\ojwoo\Downloads\apache-tomcat-8.5.28\webapps\manager] has finished in [113] ms
02-Mar-2018 01:33:33.337 INFO [localhost-startStop-1] org.apache.catalina.startup.HostConfig.deployDirectory Deploying web application directory [C:\Users\ojwoo\Downloads\apache-tomcat-8.5.28\webapps\ROOT]
02-Mar-2018 01:33:33.439 INFO [localhost-startStop-1] org.apache.jasper.servlet.TldScanner.scanJars At least one JAR was scanned for TLDs yet contained no TLDs. Enable debug logging for this logger for a complete list of JARs that were scanned but no TLDs were found in them. Skipping unneeded JARs during scanning can improve startup time and JSP compilation time.
02-Mar-2018 01:33:33.439 INFO [localhost-startStop-1] org.apache.catalina.startup.HostConfig.deployDirectory Deployment of web application directory [C:\Users\ojwoo\Downloads\apache-tomcat-8.5.28\webapps\ROOT] has finished in [102] ms
02-Mar-2018 01:33:33.439 INFO [main] org.apache.coyote.AbstractProtocol.start Starting ProtocolHandler ["http-nio-8080"]
02-Mar-2018 01:33:33.455 INFO [main] org.apache.coyote.AbstractProtocol.start Starting ProtocolHandler ["ajp-nio-8009"]
02-Mar-2018 01:33:33.455 INFO [main] org.apache.catalina.startup.Catalina.start Server startup in 1745 ms
02-Mar-2018 01:34:13.493 INFO [localhost-startStop-2] org.apache.catalina.startup.HostConfig.deployWAR Deploying web application archive [C:\Users\ojwoo\Downloads\apache-tomcat-8.5.28\webapps\VirtualTradingAssistant.war]
02-Mar-2018 01:34:13.918 INFO [localhost-startStop-2] org.apache.jasper.servlet.TldScanner.scanJars At least one JAR was scanned for TLDs yet contained no TLDs. Enable debug logging for this logger for a complete list of JARs that were scanned but no TLDs were found in them. Skipping unneeded JARs during scanning can improve startup time and JSP compilation time.
02-Mar-2018 01:34:13.926 INFO [localhost-startStop-2] org.apache.catalina.startup.HostConfig.deployWAR Deployment of web application archive [C:\Users\ojwoo\Downloads\apache-tomcat-8.5.28\webapps\VirtualTradingAssistant.war] has finished in [432] ms
02-Mar-2018 01:40:54.751 INFO [ContainerBackgroundProcessor[StandardEngine[Catalina]]] org.apache.catalina.startup.HostConfig.undeploy Undeploying context [/VirtualTradingAssistant]
02-Mar-2018 01:41:04.820 INFO [localhost-startStop-3] org.apache.catalina.startup.HostConfig.deployWAR Deploying web application archive [C:\Users\ojwoo\Downloads\apache-tomcat-8.5.28\webapps\VirtualTradingAssistant.war]
02-Mar-2018 01:41:05.197 INFO [localhost-startStop-3] org.apache.jasper.servlet.TldScanner.scanJars At least one JAR was scanned for TLDs yet contained no TLDs. Enable debug logging for this logger for a complete list of JARs that were scanned but no TLDs were found in them. Skipping unneeded JARs during scanning can improve startup time and JSP compilation time.
02-Mar-2018 01:41:05.206 INFO [localhost-startStop-3] org.apache.catalina.startup.HostConfig.deployWAR Deployment of web application archive [C:\Users\ojwoo\Downloads\apache-tomcat-8.5.28\webapps\VirtualTradingAssistant.war] has finished in [386] ms
02-Mar-2018 01:47:06.017 INFO [ContainerBackgroundProcessor[StandardEngine[Catalina]]] org.apache.catalina.startup.HostConfig.undeploy Undeploying context [/VirtualTradingAssistant]
02-Mar-2018 01:47:16.050 INFO [localhost-startStop-4] org.apache.catalina.startup.HostConfig.deployWAR Deploying web application archive [C:\Users\ojwoo\Downloads\apache-tomcat-8.5.28\webapps\VirtualTradingAssistant.war]
02-Mar-2018 01:47:16.334 INFO [localhost-startStop-4] org.apache.jasper.servlet.TldScanner.scanJars At least one JAR was scanned for TLDs yet contained no TLDs. Enable debug logging for this logger for a complete list of JARs that were scanned but no TLDs were found in them. Skipping unneeded JARs during scanning can improve startup time and JSP compilation time.
02-Mar-2018 01:47:16.334 INFO [localhost-startStop-4] org.apache.catalina.startup.HostConfig.deployWAR Deployment of web application archive [C:\Users\ojwoo\Downloads\apache-tomcat-8.5.28\webapps\VirtualTradingAssistant.war] has finished in [284] ms
02-Mar-2018 01:48:36.931 INFO [ContainerBackgroundProcessor[StandardEngine[Catalina]]] org.apache.catalina.startup.HostConfig.undeploy Undeploying context [/VirtualTradingAssistant]
02-Mar-2018 01:48:46.976 INFO [localhost-startStop-5] org.apache.catalina.startup.HostConfig.deployWAR Deploying web application archive [C:\Users\ojwoo\Downloads\apache-tomcat-8.5.28\webapps\VirtualTradingAssistant.war]
02-Mar-2018 01:48:47.282 INFO [localhost-startStop-5] org.apache.jasper.servlet.TldScanner.scanJars At least one JAR was scanned for TLDs yet contained no TLDs. Enable debug logging for this logger for a complete list of JARs that were scanned but no TLDs were found in them. Skipping unneeded JARs during scanning can improve startup time and JSP compilation time.
02-Mar-2018 01:48:47.297 INFO [localhost-startStop-5] org.apache.catalina.startup.HostConfig.deployWAR Deployment of web application archive [C:\Users\ojwoo\Downloads\apache-tomcat-8.5.28\webapps\VirtualTradingAssistant.war] has finished in [321] ms
02-Mar-2018 01:50:07.886 INFO [ContainerBackgroundProcessor[StandardEngine[Catalina]]] org.apache.catalina.startup.HostConfig.undeploy Undeploying context [/VirtualTradingAssistant]
02-Mar-2018 01:50:17.947 INFO [localhost-startStop-6] org.apache.catalina.startup.HostConfig.deployWAR Deploying web application archive [C:\Users\ojwoo\Downloads\apache-tomcat-8.5.28\webapps\VirtualTradingAssistant.war]
02-Mar-2018 01:50:18.256 INFO [localhost-startStop-6] org.apache.jasper.servlet.TldScanner.scanJars At least one JAR was scanned for TLDs yet contained no TLDs. Enable debug logging for this logger for a complete list of JARs that were scanned but no TLDs were found in them. Skipping unneeded JARs during scanning can improve startup time and JSP compilation time.
02-Mar-2018 01:50:18.263 INFO [localhost-startStop-6] org.apache.catalina.startup.HostConfig.deployWAR Deployment of web application archive [C:\Users\ojwoo\Downloads\apache-tomcat-8.5.28\webapps\VirtualTradingAssistant.war] has finished in [315] ms
02-Mar-2018 01:53:39.538 INFO [ContainerBackgroundProcessor[StandardEngine[Catalina]]] org.apache.catalina.startup.HostConfig.undeploy Undeploying context [/VirtualTradingAssistant]
02-Mar-2018 01:53:39.566 INFO [localhost-startStop-7] org.apache.catalina.startup.HostConfig.deployWAR Deploying web application archive [C:\Users\ojwoo\Downloads\apache-tomcat-8.5.28\webapps\VirtualTradingAssistant.war]
02-Mar-2018 01:53:40.279 INFO [localhost-startStop-7] org.apache.jasper.servlet.TldScanner.scanJars At least one JAR was scanned for TLDs yet contained no TLDs. Enable debug logging for this logger for a complete list of JARs that were scanned but no TLDs were found in them. Skipping unneeded JARs during scanning can improve startup time and JSP compilation time.
02-Mar-2018 01:53:40.290 INFO [localhost-startStop-7] org.apache.catalina.startup.HostConfig.deployWAR Deployment of web application archive [C:\Users\ojwoo\Downloads\apache-tomcat-8.5.28\webapps\VirtualTradingAssistant.war] has finished in [723] ms
02-Mar-2018 02:02:20.921 INFO [ContainerBackgroundProcessor[StandardEngine[Catalina]]] org.apache.catalina.startup.HostConfig.undeploy Undeploying context [/VirtualTradingAssistant]
02-Mar-2018 02:02:20.966 INFO [localhost-startStop-8] org.apache.catalina.startup.HostConfig.deployWAR Deploying web application archive [C:\Users\ojwoo\Downloads\apache-tomcat-8.5.28\webapps\VirtualTradingAssistant.war]
02-Mar-2018 02:02:21.307 INFO [localhost-startStop-8] org.apache.jasper.servlet.TldScanner.scanJars At least one JAR was scanned for TLDs yet contained no TLDs. Enable debug logging for this logger for a complete list of JARs that were scanned but no TLDs were found in them. Skipping unneeded JARs during scanning can improve startup time and JSP compilation time.
02-Mar-2018 02:02:21.377 INFO [localhost-startStop-8] org.apache.catalina.startup.HostConfig.deployWAR Deployment of web application archive [C:\Users\ojwoo\Downloads\apache-tomcat-8.5.28\webapps\VirtualTradingAssistant.war] has finished in [411] ms
02-Mar-2018 02:11:12.003 INFO [ContainerBackgroundProcessor[StandardEngine[Catalina]]] org.apache.catalina.startup.HostConfig.undeploy Undeploying context [/VirtualTradingAssistant]
02-Mar-2018 02:11:12.052 INFO [localhost-startStop-9] org.apache.catalina.startup.HostConfig.deployWAR Deploying web application archive [C:\Users\ojwoo\Downloads\apache-tomcat-8.5.28\webapps\VirtualTradingAssistant.war]
02-Mar-2018 02:11:12.443 INFO [localhost-startStop-9] org.apache.jasper.servlet.TldScanner.scanJars At least one JAR was scanned for TLDs yet contained no TLDs. Enable debug logging for this logger for a complete list of JARs that were scanned but no TLDs were found in them. Skipping unneeded JARs during scanning can improve startup time and JSP compilation time.
02-Mar-2018 02:11:12.455 INFO [localhost-startStop-9] org.apache.catalina.startup.HostConfig.deployWAR Deployment of web application archive [C:\Users\ojwoo\Downloads\apache-tomcat-8.5.28\webapps\VirtualTradingAssistant.war] has finished in [403] ms
02-Mar-2018 02:15:03.216 INFO [ContainerBackgroundProcessor[StandardEngine[Catalina]]] org.apache.catalina.startup.HostConfig.undeploy Undeploying context [/VirtualTradingAssistant]
02-Mar-2018 02:15:13.619 INFO [localhost-startStop-10] org.apache.catalina.startup.HostConfig.deployWAR Deploying web application archive [C:\Users\ojwoo\Downloads\apache-tomcat-8.5.28\webapps\VirtualTradingAssistant.war]
02-Mar-2018 02:15:13.926 INFO [localhost-startStop-10] org.apache.jasper.servlet.TldScanner.scanJars At least one JAR was scanned for TLDs yet contained no TLDs. Enable debug logging for this logger for a complete list of JARs that were scanned but no TLDs were found in them. Skipping unneeded JARs during scanning can improve startup time and JSP compilation time.
02-Mar-2018 02:15:13.941 INFO [localhost-startStop-10] org.apache.catalina.startup.HostConfig.deployWAR Deployment of web application archive [C:\Users\ojwoo\Downloads\apache-tomcat-8.5.28\webapps\VirtualTradingAssistant.war] has finished in [322] ms
02-Mar-2018 02:31:55.419 INFO [ContainerBackgroundProcessor[StandardEngine[Catalina]]] org.apache.catalina.startup.HostConfig.undeploy Undeploying context [/VirtualTradingAssistant]
02-Mar-2018 02:32:05.454 INFO [localhost-startStop-11] org.apache.catalina.startup.HostConfig.deployWAR Deploying web application archive [C:\Users\ojwoo\Downloads\apache-tomcat-8.5.28\webapps\VirtualTradingAssistant.war]
02-Mar-2018 02:32:05.755 INFO [localhost-startStop-11] org.apache.jasper.servlet.TldScanner.scanJars At least one JAR was scanned for TLDs yet contained no TLDs. Enable debug logging for this logger for a complete list of JARs that were scanned but no TLDs were found in them. Skipping unneeded JARs during scanning can improve startup time and JSP compilation time.
02-Mar-2018 02:32:05.755 INFO [localhost-startStop-11] org.apache.catalina.startup.HostConfig.deployWAR Deployment of web application archive [C:\Users\ojwoo\Downloads\apache-tomcat-8.5.28\webapps\VirtualTradingAssistant.war] has finished in [301] ms
02-Mar-2018 02:37:16.548 INFO [ContainerBackgroundProcessor[StandardEngine[Catalina]]] org.apache.catalina.startup.HostConfig.undeploy Undeploying context [/VirtualTradingAssistant]
02-Mar-2018 02:37:26.588 INFO [localhost-startStop-12] org.apache.catalina.startup.HostConfig.deployWAR Deploying web application archive [C:\Users\ojwoo\Downloads\apache-tomcat-8.5.28\webapps\VirtualTradingAssistant.war]
02-Mar-2018 02:37:26.921 INFO [localhost-startStop-12] org.apache.jasper.servlet.TldScanner.scanJars At least one JAR was scanned for TLDs yet contained no TLDs. Enable debug logging for this logger for a complete list of JARs that were scanned but no TLDs were found in them. Skipping unneeded JARs during scanning can improve startup time and JSP compilation time.
02-Mar-2018 02:37:26.921 INFO [localhost-startStop-12] org.apache.catalina.startup.HostConfig.deployWAR Deployment of web application archive [C:\Users\ojwoo\Downloads\apache-tomcat-8.5.28\webapps\VirtualTradingAssistant.war] has finished in [333] ms
02-Mar-2018 02:44:27.354 INFO [ContainerBackgroundProcessor[StandardEngine[Catalina]]] org.apache.catalina.startup.HostConfig.undeploy Undeploying context [/VirtualTradingAssistant]
02-Mar-2018 02:44:27.389 INFO [localhost-startStop-13] org.apache.catalina.startup.HostConfig.deployWAR Deploying web application archive [C:\Users\ojwoo\Downloads\apache-tomcat-8.5.28\webapps\VirtualTradingAssistant.war]
02-Mar-2018 02:44:27.769 INFO [localhost-startStop-13] org.apache.jasper.servlet.TldScanner.scanJars At least one JAR was scanned for TLDs yet contained no TLDs. Enable debug logging for this logger for a complete list of JARs that were scanned but no TLDs were found in them. Skipping unneeded JARs during scanning can improve startup time and JSP compilation time.
02-Mar-2018 02:44:27.776 INFO [localhost-startStop-13] org.apache.catalina.startup.HostConfig.deployWAR Deployment of web application archive [C:\Users\ojwoo\Downloads\apache-tomcat-8.5.28\webapps\VirtualTradingAssistant.war] has finished in [387] ms
02-Mar-2018 02:49:38.605 INFO [ContainerBackgroundProcessor[StandardEngine[Catalina]]] org.apache.catalina.startup.HostConfig.undeploy Undeploying context [/VirtualTradingAssistant]
02-Mar-2018 02:49:48.658 INFO [localhost-startStop-14] org.apache.catalina.startup.HostConfig.deployWAR Deploying web application archive [C:\Users\ojwoo\Downloads\apache-tomcat-8.5.28\webapps\VirtualTradingAssistant.war]
02-Mar-2018 02:49:49.035 INFO [localhost-startStop-14] org.apache.jasper.servlet.TldScanner.scanJars At least one JAR was scanned for TLDs yet contained no TLDs. Enable debug logging for this logger for a complete list of JARs that were scanned but no TLDs were found in them. Skipping unneeded JARs during scanning can improve startup time and JSP compilation time.
02-Mar-2018 02:49:49.044 INFO [localhost-startStop-14] org.apache.catalina.startup.HostConfig.deployWAR Deployment of web application archive [C:\Users\ojwoo\Downloads\apache-tomcat-8.5.28\webapps\VirtualTradingAssistant.war] has finished in [386] ms
02-Mar-2018 02:50:29.638 INFO [ContainerBackgroundProcessor[StandardEngine[Catalina]]] org.apache.catalina.startup.HostConfig.undeploy Undeploying context [/VirtualTradingAssistant]
02-Mar-2018 02:50:39.659 INFO [localhost-startStop-15] org.apache.catalina.startup.HostConfig.deployWAR Deploying web application archive [C:\Users\ojwoo\Downloads\apache-tomcat-8.5.28\webapps\VirtualTradingAssistant.war]
02-Mar-2018 02:50:40.108 INFO [localhost-startStop-15] org.apache.jasper.servlet.TldScanner.scanJars At least one JAR was scanned for TLDs yet contained no TLDs. Enable debug logging for this logger for a complete list of JARs that were scanned but no TLDs were found in them. Skipping unneeded JARs during scanning can improve startup time and JSP compilation time.
02-Mar-2018 02:50:40.113 INFO [localhost-startStop-15] org.apache.catalina.startup.HostConfig.deployWAR Deployment of web application archive [C:\Users\ojwoo\Downloads\apache-tomcat-8.5.28\webapps\VirtualTradingAssistant.war] has finished in [454] ms
02-Mar-2018 14:49:31.987 INFO [ContainerBackgroundProcessor[StandardEngine[Catalina]]] org.apache.catalina.startup.HostConfig.undeploy Undeploying context [/VirtualTradingAssistant]
02-Mar-2018 14:49:32.025 INFO [localhost-startStop-16] org.apache.catalina.startup.HostConfig.deployWAR Deploying web application archive [C:\Users\ojwoo\Downloads\apache-tomcat-8.5.28\webapps\VirtualTradingAssistant.war]
02-Mar-2018 14:49:32.305 INFO [localhost-startStop-16] org.apache.jasper.servlet.TldScanner.scanJars At least one JAR was scanned for TLDs yet contained no TLDs. Enable debug logging for this logger for a complete list of JARs that were scanned but no TLDs were found in them. Skipping unneeded JARs during scanning can improve startup time and JSP compilation time.
02-Mar-2018 14:49:32.321 INFO [localhost-startStop-16] org.apache.catalina.startup.HostConfig.deployWAR Deployment of web application archive [C:\Users\ojwoo\Downloads\apache-tomcat-8.5.28\webapps\VirtualTradingAssistant.war] has finished in [296] ms
02-Mar-2018 14:49:42.325 INFO [ContainerBackgroundProcessor[StandardEngine[Catalina]]] org.apache.catalina.startup.HostConfig.undeploy Undeploying context [/VirtualTradingAssistant]
02-Mar-2018 14:49:42.350 INFO [localhost-startStop-17] org.apache.catalina.startup.HostConfig.deployWAR Deploying web application archive [C:\Users\ojwoo\Downloads\apache-tomcat-8.5.28\webapps\VirtualTradingAssistant.war]
02-Mar-2018 14:49:42.639 INFO [localhost-startStop-17] org.apache.jasper.servlet.TldScanner.scanJars At least one JAR was scanned for TLDs yet contained no TLDs. Enable debug logging for this logger for a complete list of JARs that were scanned but no TLDs were found in them. Skipping unneeded JARs during scanning can improve startup time and JSP compilation time.
02-Mar-2018 14:49:42.655 INFO [localhost-startStop-17] org.apache.catalina.startup.HostConfig.deployWAR Deployment of web application archive [C:\Users\ojwoo\Downloads\apache-tomcat-8.5.28\webapps\VirtualTradingAssistant.war] has finished in [305] ms
02-Mar-2018 15:09:43.771 INFO [ContainerBackgroundProcessor[StandardEngine[Catalina]]] org.apache.catalina.startup.HostConfig.undeploy Undeploying context [/VirtualTradingAssistant]
02-Mar-2018 15:09:43.887 INFO [localhost-startStop-18] org.apache.catalina.startup.HostConfig.deployWAR Deploying web application archive [C:\Users\ojwoo\Downloads\apache-tomcat-8.5.28\webapps\VirtualTradingAssistant.war]
02-Mar-2018 15:09:44.191 INFO [localhost-startStop-18] org.apache.jasper.servlet.TldScanner.scanJars At least one JAR was scanned for TLDs yet contained no TLDs. Enable debug logging for this logger for a complete list of JARs that were scanned but no TLDs were found in them. Skipping unneeded JARs during scanning can improve startup time and JSP compilation time.
02-Mar-2018 15:09:44.195 INFO [localhost-startStop-18] org.apache.catalina.startup.HostConfig.deployWAR Deployment of web application archive [C:\Users\ojwoo\Downloads\apache-tomcat-8.5.28\webapps\VirtualTradingAssistant.war] has finished in [308] ms
02-Mar-2018 15:09:54.701 INFO [ContainerBackgroundProcessor[StandardEngine[Catalina]]] org.apache.catalina.startup.HostConfig.undeploy Undeploying context [/VirtualTradingAssistant]
02-Mar-2018 15:09:54.701 INFO [localhost-startStop-19] org.apache.catalina.startup.HostConfig.deployWAR Deploying web application archive [C:\Users\ojwoo\Downloads\apache-tomcat-8.5.28\webapps\VirtualTradingAssistant.war]
02-Mar-2018 15:09:54.991 INFO [localhost-startStop-19] org.apache.jasper.servlet.TldScanner.scanJars At least one JAR was scanned for TLDs yet contained no TLDs. Enable debug logging for this logger for a complete list of JARs that were scanned but no TLDs were found in them. Skipping unneeded JARs during scanning can improve startup time and JSP compilation time.
02-Mar-2018 15:09:54.991 INFO [localhost-startStop-19] org.apache.catalina.startup.HostConfig.deployWAR Deployment of web application archive [C:\Users\ojwoo\Downloads\apache-tomcat-8.5.28\webapps\VirtualTradingAssistant.war] has finished in [290] ms
02-Mar-2018 15:45:36.739 INFO [ContainerBackgroundProcessor[StandardEngine[Catalina]]] org.apache.catalina.startup.HostConfig.undeploy Undeploying context [/VirtualTradingAssistant]
02-Mar-2018 15:45:36.770 INFO [localhost-startStop-20] org.apache.catalina.startup.HostConfig.deployWAR Deploying web application archive [C:\Users\ojwoo\Downloads\apache-tomcat-8.5.28\webapps\VirtualTradingAssistant.war]
02-Mar-2018 15:45:37.099 INFO [localhost-startStop-20] org.apache.jasper.servlet.TldScanner.scanJars At least one JAR was scanned for TLDs yet contained no TLDs. Enable debug logging for this logger for a complete list of JARs that were scanned but no TLDs were found in them. Skipping unneeded JARs during scanning can improve startup time and JSP compilation time.
02-Mar-2018 15:45:37.099 INFO [localhost-startStop-20] org.apache.catalina.startup.HostConfig.deployWAR Deployment of web application archive [C:\Users\ojwoo\Downloads\apache-tomcat-8.5.28\webapps\VirtualTradingAssistant.war] has finished in [329] ms
02-Mar-2018 16:02:08.120 INFO [ContainerBackgroundProcessor[StandardEngine[Catalina]]] org.apache.catalina.startup.HostConfig.undeploy Undeploying context [/VirtualTradingAssistant]
02-Mar-2018 16:02:08.154 INFO [localhost-startStop-21] org.apache.catalina.startup.HostConfig.deployWAR Deploying web application archive [C:\Users\ojwoo\Downloads\apache-tomcat-8.5.28\webapps\VirtualTradingAssistant.war]
02-Mar-2018 16:02:08.516 INFO [localhost-startStop-21] org.apache.jasper.servlet.TldScanner.scanJars At least one JAR was scanned for TLDs yet contained no TLDs. Enable debug logging for this logger for a complete list of JARs that were scanned but no TLDs were found in them. Skipping unneeded JARs during scanning can improve startup time and JSP compilation time.
02-Mar-2018 16:02:08.516 INFO [localhost-startStop-21] org.apache.catalina.startup.HostConfig.deployWAR Deployment of web application archive [C:\Users\ojwoo\Downloads\apache-tomcat-8.5.28\webapps\VirtualTradingAssistant.war] has finished in [362] ms
02-Mar-2018 16:59:02.953 INFO [ContainerBackgroundProcessor[StandardEngine[Catalina]]] org.apache.catalina.startup.HostConfig.undeploy Undeploying context [/VirtualTradingAssistant]
02-Mar-2018 16:59:12.975 INFO [localhost-startStop-22] org.apache.catalina.startup.HostConfig.deployWAR Deploying web application archive [C:\Users\ojwoo\Downloads\apache-tomcat-8.5.28\webapps\VirtualTradingAssistant.war]
02-Mar-2018 16:59:13.319 INFO [localhost-startStop-22] org.apache.jasper.servlet.TldScanner.scanJars At least one JAR was scanned for TLDs yet contained no TLDs. Enable debug logging for this logger for a complete list of JARs that were scanned but no TLDs were found in them. Skipping unneeded JARs during scanning can improve startup time and JSP compilation time.
02-Mar-2018 16:59:13.325 INFO [localhost-startStop-22] org.apache.catalina.startup.HostConfig.deployWAR Deployment of web application archive [C:\Users\ojwoo\Downloads\apache-tomcat-8.5.28\webapps\VirtualTradingAssistant.war] has finished in [349] ms
02-Mar-2018 17:02:24.103 INFO [ContainerBackgroundProcessor[StandardEngine[Catalina]]] org.apache.catalina.startup.HostConfig.undeploy Undeploying context [/VirtualTradingAssistant]
02-Mar-2018 17:02:34.146 INFO [localhost-startStop-23] org.apache.catalina.startup.HostConfig.deployWAR Deploying web application archive [C:\Users\ojwoo\Downloads\apache-tomcat-8.5.28\webapps\VirtualTradingAssistant.war]
02-Mar-2018 17:02:34.530 INFO [localhost-startStop-23] org.apache.jasper.servlet.TldScanner.scanJars At least one JAR was scanned for TLDs yet contained no TLDs. Enable debug logging for this logger for a complete list of JARs that were scanned but no TLDs were found in them. Skipping unneeded JARs during scanning can improve startup time and JSP compilation time.
02-Mar-2018 17:02:34.530 INFO [localhost-startStop-23] org.apache.catalina.startup.HostConfig.deployWAR Deployment of web application archive [C:\Users\ojwoo\Downloads\apache-tomcat-8.5.28\webapps\VirtualTradingAssistant.war] has finished in [384] ms
02-Mar-2018 17:06:05.270 INFO [ContainerBackgroundProcessor[StandardEngine[Catalina]]] org.apache.catalina.startup.HostConfig.undeploy Undeploying context [/VirtualTradingAssistant]
02-Mar-2018 17:06:15.295 INFO [localhost-startStop-24] org.apache.catalina.startup.HostConfig.deployWAR Deploying web application archive [C:\Users\ojwoo\Downloads\apache-tomcat-8.5.28\webapps\VirtualTradingAssistant.war]
02-Mar-2018 17:06:15.587 INFO [localhost-startStop-24] org.apache.jasper.servlet.TldScanner.scanJars At least one JAR was scanned for TLDs yet contained no TLDs. Enable debug logging for this logger for a complete list of JARs that were scanned but no TLDs were found in them. Skipping unneeded JARs during scanning can improve startup time and JSP compilation time.
02-Mar-2018 17:06:15.587 INFO [localhost-startStop-24] org.apache.catalina.startup.HostConfig.deployWAR Deployment of web application archive [C:\Users\ojwoo\Downloads\apache-tomcat-8.5.28\webapps\VirtualTradingAssistant.war] has finished in [293] ms
02-Mar-2018 17:07:46.179 INFO [ContainerBackgroundProcessor[StandardEngine[Catalina]]] org.apache.catalina.startup.HostConfig.undeploy Undeploying context [/VirtualTradingAssistant]
02-Mar-2018 17:07:56.197 INFO [localhost-startStop-25] org.apache.catalina.startup.HostConfig.deployWAR Deploying web application archive [C:\Users\ojwoo\Downloads\apache-tomcat-8.5.28\webapps\VirtualTradingAssistant.war]
02-Mar-2018 17:07:56.504 INFO [localhost-startStop-25] org.apache.jasper.servlet.TldScanner.scanJars At least one JAR was scanned for TLDs yet contained no TLDs. Enable debug logging for this logger for a complete list of JARs that were scanned but no TLDs were found in them. Skipping unneeded JARs during scanning can improve startup time and JSP compilation time.
02-Mar-2018 17:07:56.507 INFO [localhost-startStop-25] org.apache.catalina.startup.HostConfig.deployWAR Deployment of web application archive [C:\Users\ojwoo\Downloads\apache-tomcat-8.5.28\webapps\VirtualTradingAssistant.war] has finished in [310] ms
02-Mar-2018 17:10:16.629 INFO [ContainerBackgroundProcessor[StandardEngine[Catalina]]] org.apache.catalina.startup.HostConfig.undeploy Undeploying context [/VirtualTradingAssistant]
02-Mar-2018 17:10:16.647 INFO [localhost-startStop-26] org.apache.catalina.startup.HostConfig.deployWAR Deploying web application archive [C:\Users\ojwoo\Downloads\apache-tomcat-8.5.28\webapps\VirtualTradingAssistant.war]
02-Mar-2018 17:10:17.111 INFO [localhost-startStop-26] org.apache.jasper.servlet.TldScanner.scanJars At least one JAR was scanned for TLDs yet contained no TLDs. Enable debug logging for this logger for a complete list of JARs that were scanned but no TLDs were found in them. Skipping unneeded JARs during scanning can improve startup time and JSP compilation time.
02-Mar-2018 17:10:17.116 INFO [localhost-startStop-26] org.apache.catalina.startup.HostConfig.deployWAR Deployment of web application archive [C:\Users\ojwoo\Downloads\apache-tomcat-8.5.28\webapps\VirtualTradingAssistant.war] has finished in [468] ms
02-Mar-2018 17:17:38.203 INFO [ContainerBackgroundProcessor[StandardEngine[Catalina]]] org.apache.catalina.startup.HostConfig.undeploy Undeploying context [/VirtualTradingAssistant]
02-Mar-2018 17:17:48.229 INFO [localhost-startStop-27] org.apache.catalina.startup.HostConfig.deployWAR Deploying web application archive [C:\Users\ojwoo\Downloads\apache-tomcat-8.5.28\webapps\VirtualTradingAssistant.war]
02-Mar-2018 17:17:48.659 INFO [localhost-startStop-27] org.apache.jasper.servlet.TldScanner.scanJars At least one JAR was scanned for TLDs yet contained no TLDs. Enable debug logging for this logger for a complete list of JARs that were scanned but no TLDs were found in them. Skipping unneeded JARs during scanning can improve startup time and JSP compilation time.
02-Mar-2018 17:17:48.665 INFO [localhost-startStop-27] org.apache.catalina.startup.HostConfig.deployWAR Deployment of web application archive [C:\Users\ojwoo\Downloads\apache-tomcat-8.5.28\webapps\VirtualTradingAssistant.war] has finished in [436] ms
02-Mar-2018 17:18:29.243 INFO [ContainerBackgroundProcessor[StandardEngine[Catalina]]] org.apache.catalina.startup.HostConfig.undeploy Undeploying context [/VirtualTradingAssistant]
02-Mar-2018 17:18:49.310 INFO [localhost-startStop-28] org.apache.catalina.startup.HostConfig.deployWAR Deploying web application archive [C:\Users\ojwoo\Downloads\apache-tomcat-8.5.28\webapps\VirtualTradingAssistant.war]
02-Mar-2018 17:18:49.684 INFO [localhost-startStop-28] org.apache.jasper.servlet.TldScanner.scanJars At least one JAR was scanned for TLDs yet contained no TLDs. Enable debug logging for this logger for a complete list of JARs that were scanned but no TLDs were found in them. Skipping unneeded JARs during scanning can improve startup time and JSP compilation time.
02-Mar-2018 17:18:49.688 INFO [localhost-startStop-28] org.apache.catalina.startup.HostConfig.deployWAR Deployment of web application archive [C:\Users\ojwoo\Downloads\apache-tomcat-8.5.28\webapps\VirtualTradingAssistant.war] has finished in [378] ms
02-Mar-2018 17:38:20.997 INFO [ContainerBackgroundProcessor[StandardEngine[Catalina]]] org.apache.catalina.startup.HostConfig.undeploy Undeploying context [/VirtualTradingAssistant]
02-Mar-2018 17:38:21.039 INFO [localhost-startStop-29] org.apache.catalina.startup.HostConfig.deployWAR Deploying web application archive [C:\Users\ojwoo\Downloads\apache-tomcat-8.5.28\webapps\VirtualTradingAssistant.war]
02-Mar-2018 17:38:21.408 INFO [localhost-startStop-29] org.apache.jasper.servlet.TldScanner.scanJars At least one JAR was scanned for TLDs yet contained no TLDs. Enable debug logging for this logger for a complete list of JARs that were scanned but no TLDs were found in them. Skipping unneeded JARs during scanning can improve startup time and JSP compilation time.
02-Mar-2018 17:38:21.417 INFO [localhost-startStop-29] org.apache.catalina.startup.HostConfig.deployWAR Deployment of web application archive [C:\Users\ojwoo\Downloads\apache-tomcat-8.5.28\webapps\VirtualTradingAssistant.war] has finished in [378] ms
02-Mar-2018 17:42:02.109 INFO [ContainerBackgroundProcessor[StandardEngine[Catalina]]] org.apache.catalina.startup.HostConfig.undeploy Undeploying context [/VirtualTradingAssistant]
02-Mar-2018 17:42:12.129 INFO [localhost-startStop-30] org.apache.catalina.startup.HostConfig.deployWAR Deploying web application archive [C:\Users\ojwoo\Downloads\apache-tomcat-8.5.28\webapps\VirtualTradingAssistant.war]
02-Mar-2018 17:42:12.470 INFO [localhost-startStop-30] org.apache.jasper.servlet.TldScanner.scanJars At least one JAR was scanned for TLDs yet contained no TLDs. Enable debug logging for this logger for a complete list of JARs that were scanned but no TLDs were found in them. Skipping unneeded JARs during scanning can improve startup time and JSP compilation time.
02-Mar-2018 17:42:12.470 INFO [localhost-startStop-30] org.apache.catalina.startup.HostConfig.deployWAR Deployment of web application archive [C:\Users\ojwoo\Downloads\apache-tomcat-8.5.28\webapps\VirtualTradingAssistant.war] has finished in [341] ms
02-Mar-2018 17:46:13.253 INFO [ContainerBackgroundProcessor[StandardEngine[Catalina]]] org.apache.catalina.startup.HostConfig.undeploy Undeploying context [/VirtualTradingAssistant]
02-Mar-2018 17:46:23.299 INFO [localhost-startStop-31] org.apache.catalina.startup.HostConfig.deployWAR Deploying web application archive [C:\Users\ojwoo\Downloads\apache-tomcat-8.5.28\webapps\VirtualTradingAssistant.war]
02-Mar-2018 17:46:23.675 INFO [localhost-startStop-31] org.apache.jasper.servlet.TldScanner.scanJars At least one JAR was scanned for TLDs yet contained no TLDs. Enable debug logging for this logger for a complete list of JARs that were scanned but no TLDs were found in them. Skipping unneeded JARs during scanning can improve startup time and JSP compilation time.
02-Mar-2018 17:46:23.685 INFO [localhost-startStop-31] org.apache.catalina.startup.HostConfig.deployWAR Deployment of web application archive [C:\Users\ojwoo\Downloads\apache-tomcat-8.5.28\webapps\VirtualTradingAssistant.war] has finished in [386] ms
02-Mar-2018 17:52:14.534 INFO [ContainerBackgroundProcessor[StandardEngine[Catalina]]] org.apache.catalina.startup.HostConfig.undeploy Undeploying context [/VirtualTradingAssistant]
02-Mar-2018 17:52:24.558 INFO [localhost-startStop-32] org.apache.catalina.startup.HostConfig.deployWAR Deploying web application archive [C:\Users\ojwoo\Downloads\apache-tomcat-8.5.28\webapps\VirtualTradingAssistant.war]
02-Mar-2018 17:52:24.894 INFO [localhost-startStop-32] org.apache.jasper.servlet.TldScanner.scanJars At least one JAR was scanned for TLDs yet contained no TLDs. Enable debug logging for this logger for a complete list of JARs that were scanned but no TLDs were found in them. Skipping unneeded JARs during scanning can improve startup time and JSP compilation time.
02-Mar-2018 17:52:24.894 INFO [localhost-startStop-32] org.apache.catalina.startup.HostConfig.deployWAR Deployment of web application archive [C:\Users\ojwoo\Downloads\apache-tomcat-8.5.28\webapps\VirtualTradingAssistant.war] has finished in [336] ms
02-Mar-2018 17:55:05.565 INFO [ContainerBackgroundProcessor[StandardEngine[Catalina]]] org.apache.catalina.startup.HostConfig.undeploy Undeploying context [/VirtualTradingAssistant]
02-Mar-2018 17:55:15.602 INFO [localhost-startStop-33] org.apache.catalina.startup.HostConfig.deployWAR Deploying web application archive [C:\Users\ojwoo\Downloads\apache-tomcat-8.5.28\webapps\VirtualTradingAssistant.war]
02-Mar-2018 17:55:15.941 INFO [localhost-startStop-33] org.apache.jasper.servlet.TldScanner.scanJars At least one JAR was scanned for TLDs yet contained no TLDs. Enable debug logging for this logger for a complete list of JARs that were scanned but no TLDs were found in them. Skipping unneeded JARs during scanning can improve startup time and JSP compilation time.
02-Mar-2018 17:55:15.951 INFO [localhost-startStop-33] org.apache.catalina.startup.HostConfig.deployWAR Deployment of web application archive [C:\Users\ojwoo\Downloads\apache-tomcat-8.5.28\webapps\VirtualTradingAssistant.war] has finished in [349] ms
02-Mar-2018 18:19:17.689 INFO [ContainerBackgroundProcessor[StandardEngine[Catalina]]] org.apache.catalina.startup.HostConfig.undeploy Undeploying context [/VirtualTradingAssistant]
02-Mar-2018 18:19:17.720 INFO [localhost-startStop-34] org.apache.catalina.startup.HostConfig.deployWAR Deploying web application archive [C:\Users\ojwoo\Downloads\apache-tomcat-8.5.28\webapps\VirtualTradingAssistant.war]
02-Mar-2018 18:19:18.131 INFO [localhost-startStop-34] org.apache.jasper.servlet.TldScanner.scanJars At least one JAR was scanned for TLDs yet contained no TLDs. Enable debug logging for this logger for a complete list of JARs that were scanned but no TLDs were found in them. Skipping unneeded JARs during scanning can improve startup time and JSP compilation time.
02-Mar-2018 18:19:18.135 INFO [localhost-startStop-34] org.apache.catalina.startup.HostConfig.deployWAR Deployment of web application archive [C:\Users\ojwoo\Downloads\apache-tomcat-8.5.28\webapps\VirtualTradingAssistant.war] has finished in [415] ms
02-Mar-2018 18:22:48.917 INFO [ContainerBackgroundProcessor[StandardEngine[Catalina]]] org.apache.catalina.startup.HostConfig.undeploy Undeploying context [/VirtualTradingAssistant]
02-Mar-2018 18:22:58.973 INFO [localhost-startStop-35] org.apache.catalina.startup.HostConfig.deployWAR Deploying web application archive [C:\Users\ojwoo\Downloads\apache-tomcat-8.5.28\webapps\VirtualTradingAssistant.war]
02-Mar-2018 18:22:59.258 INFO [localhost-startStop-35] org.apache.jasper.servlet.TldScanner.scanJars At least one JAR was scanned for TLDs yet contained no TLDs. Enable debug logging for this logger for a complete list of JARs that were scanned but no TLDs were found in them. Skipping unneeded JARs during scanning can improve startup time and JSP compilation time.
02-Mar-2018 18:22:59.274 INFO [localhost-startStop-35] org.apache.catalina.startup.HostConfig.deployWAR Deployment of web application archive [C:\Users\ojwoo\Downloads\apache-tomcat-8.5.28\webapps\VirtualTradingAssistant.war] has finished in [301] ms
02-Mar-2018 18:32:07.881 INFO [Thread-5] org.apache.coyote.AbstractProtocol.pause Pausing ProtocolHandler ["http-nio-8080"]
02-Mar-2018 18:32:08.078 INFO [Thread-5] org.apache.coyote.AbstractProtocol.pause Pausing ProtocolHandler ["ajp-nio-8009"]
02-Mar-2018 18:32:08.260 INFO [Thread-5] org.apache.catalina.core.StandardService.stopInternal Stopping service [Catalina]
02-Mar-2018 18:32:08.276 INFO [Thread-5] org.apache.coyote.AbstractProtocol.stop Stopping ProtocolHandler ["http-nio-8080"]
02-Mar-2018 18:32:08.276 INFO [Thread-5] org.apache.coyote.AbstractProtocol.stop Stopping ProtocolHandler ["ajp-nio-8009"]
02-Mar-2018 18:32:08.292 INFO [Thread-5] org.apache.coyote.AbstractProtocol.destroy Destroying ProtocolHandler ["http-nio-8080"]
02-Mar-2018 18:32:08.292 INFO [Thread-5] org.apache.coyote.AbstractProtocol.destroy Destroying ProtocolHandler ["ajp-nio-8009"]
02-Mar-2018 23:51:15.675 INFO [main] org.apache.catalina.startup.VersionLoggerListener.log Server version:        Apache Tomcat/8.5.28
02-Mar-2018 23:51:15.676 INFO [main] org.apache.catalina.startup.VersionLoggerListener.log Server built:          Feb 6 2018 23:10:25 UTC
02-Mar-2018 23:51:15.676 INFO [main] org.apache.catalina.startup.VersionLoggerListener.log Server number:         8.5.28.0
02-Mar-2018 23:51:15.676 INFO [main] org.apache.catalina.startup.VersionLoggerListener.log OS Name:               Windows 10
02-Mar-2018 23:51:15.676 INFO [main] org.apache.catalina.startup.VersionLoggerListener.log OS Version:            10.0
02-Mar-2018 23:51:15.676 INFO [main] org.apache.catalina.startup.VersionLoggerListener.log Architecture:          amd64
02-Mar-2018 23:51:15.676 INFO [main] org.apache.catalina.startup.VersionLoggerListener.log Java Home:             C:\Program Files\Java\jre1.8.0_161
02-Mar-2018 23:51:15.676 INFO [main] org.apache.catalina.startup.VersionLoggerListener.log JVM Version:           1.8.0_161-b12
02-Mar-2018 23:51:15.676 INFO [main] org.apache.catalina.startup.VersionLoggerListener.log JVM Vendor:            Oracle Corporation
02-Mar-2018 23:51:15.676 INFO [main] org.apache.catalina.startup.VersionLoggerListener.log CATALINA_BASE:         C:\Users\ojwoo\Downloads\apache-tomcat-8.5.28
02-Mar-2018 23:51:15.676 INFO [main] org.apache.catalina.startup.VersionLoggerListener.log CATALINA_HOME:         C:\Users\ojwoo\Downloads\apache-tomcat-8.5.28
02-Mar-2018 23:51:15.676 INFO [main] org.apache.catalina.startup.VersionLoggerListener.log Command line argument: -Djava.util.logging.config.file=C:\Users\ojwoo\Downloads\apache-tomcat-8.5.28\conf\logging.properties
02-Mar-2018 23:51:15.676 INFO [main] org.apache.catalina.startup.VersionLoggerListener.log Command line argument: -Djava.util.logging.manager=org.apache.juli.ClassLoaderLogManager
02-Mar-2018 23:51:15.676 INFO [main] org.apache.catalina.startup.VersionLoggerListener.log Command line argument: -Djdk.tls.ephemeralDHKeySize=2048
02-Mar-2018 23:51:15.676 INFO [main] org.apache.catalina.startup.VersionLoggerListener.log Command line argument: -Djava.protocol.handler.pkgs=org.apache.catalina.webresources
02-Mar-2018 23:51:15.676 INFO [main] org.apache.catalina.startup.VersionLoggerListener.log Command line argument: -Dignore.endorsed.dirs=
02-Mar-2018 23:51:15.676 INFO [main] org.apache.catalina.startup.VersionLoggerListener.log Command line argument: -Dcatalina.base=C:\Users\ojwoo\Downloads\apache-tomcat-8.5.28
02-Mar-2018 23:51:15.676 INFO [main] org.apache.catalina.startup.VersionLoggerListener.log Command line argument: -Dcatalina.home=C:\Users\ojwoo\Downloads\apache-tomcat-8.5.28
02-Mar-2018 23:51:15.676 INFO [main] org.apache.catalina.startup.VersionLoggerListener.log Command line argument: -Djava.io.tmpdir=C:\Users\ojwoo\Downloads\apache-tomcat-8.5.28\temp
02-Mar-2018 23:51:15.676 INFO [main] org.apache.catalina.core.AprLifecycleListener.lifecycleEvent Loaded APR based Apache Tomcat Native library [1.2.16] using APR version [1.6.3].
02-Mar-2018 23:51:15.676 INFO [main] org.apache.catalina.core.AprLifecycleListener.lifecycleEvent APR capabilities: IPv6 [true], sendfile [true], accept filters [false], random [true].
02-Mar-2018 23:51:15.676 INFO [main] org.apache.catalina.core.AprLifecycleListener.lifecycleEvent APR/OpenSSL configuration: useAprConnector [false], useOpenSSL [true]
02-Mar-2018 23:51:16.931 INFO [main] org.apache.catalina.core.AprLifecycleListener.initializeSSL OpenSSL successfully initialized [OpenSSL 1.0.2m  2 Nov 2017]
02-Mar-2018 23:51:17.352 INFO [main] org.apache.coyote.AbstractProtocol.init Initializing ProtocolHandler ["http-nio-8080"]
02-Mar-2018 23:51:17.713 INFO [main] org.apache.tomcat.util.net.NioSelectorPool.getSharedSelector Using a shared selector for servlet write/read
02-Mar-2018 23:51:17.729 INFO [main] org.apache.coyote.AbstractProtocol.init Initializing ProtocolHandler ["ajp-nio-8009"]
02-Mar-2018 23:51:17.755 INFO [main] org.apache.tomcat.util.net.NioSelectorPool.getSharedSelector Using a shared selector for servlet write/read
02-Mar-2018 23:51:17.755 INFO [main] org.apache.catalina.startup.Catalina.load Initialization processed in 2644 ms
02-Mar-2018 23:51:17.820 INFO [main] org.apache.catalina.core.StandardService.startInternal Starting service [Catalina]
02-Mar-2018 23:51:17.887 INFO [main] org.apache.catalina.core.StandardEngine.startInternal Starting Servlet Engine: Apache Tomcat/8.5.28
02-Mar-2018 23:51:17.970 INFO [localhost-startStop-1] org.apache.catalina.startup.HostConfig.deployWAR Deploying web application archive [C:\Users\ojwoo\Downloads\apache-tomcat-8.5.28\webapps\VirtualTradingAssistant.war]
02-Mar-2018 23:51:18.979 INFO [localhost-startStop-1] org.apache.jasper.servlet.TldScanner.scanJars At least one JAR was scanned for TLDs yet contained no TLDs. Enable debug logging for this logger for a complete list of JARs that were scanned but no TLDs were found in them. Skipping unneeded JARs during scanning can improve startup time and JSP compilation time.
02-Mar-2018 23:51:19.099 INFO [localhost-startStop-1] org.apache.catalina.startup.HostConfig.deployWAR Deployment of web application archive [C:\Users\ojwoo\Downloads\apache-tomcat-8.5.28\webapps\VirtualTradingAssistant.war] has finished in [1,129] ms
02-Mar-2018 23:51:19.114 INFO [localhost-startStop-1] org.apache.catalina.startup.HostConfig.deployDirectory Deploying web application directory [C:\Users\ojwoo\Downloads\apache-tomcat-8.5.28\webapps\docs]
02-Mar-2018 23:51:19.235 INFO [localhost-startStop-1] org.apache.jasper.servlet.TldScanner.scanJars At least one JAR was scanned for TLDs yet contained no TLDs. Enable debug logging for this logger for a complete list of JARs that were scanned but no TLDs were found in them. Skipping unneeded JARs during scanning can improve startup time and JSP compilation time.
02-Mar-2018 23:51:19.235 INFO [localhost-startStop-1] org.apache.catalina.startup.HostConfig.deployDirectory Deployment of web application directory [C:\Users\ojwoo\Downloads\apache-tomcat-8.5.28\webapps\docs] has finished in [121] ms
02-Mar-2018 23:51:19.235 INFO [localhost-startStop-1] org.apache.catalina.startup.HostConfig.deployDirectory Deploying web application directory [C:\Users\ojwoo\Downloads\apache-tomcat-8.5.28\webapps\examples]
02-Mar-2018 23:51:20.151 INFO [localhost-startStop-1] org.apache.jasper.servlet.TldScanner.scanJars At least one JAR was scanned for TLDs yet contained no TLDs. Enable debug logging for this logger for a complete list of JARs that were scanned but no TLDs were found in them. Skipping unneeded JARs during scanning can improve startup time and JSP compilation time.
02-Mar-2018 23:51:20.254 INFO [localhost-startStop-1] org.apache.catalina.startup.HostConfig.deployDirectory Deployment of web application directory [C:\Users\ojwoo\Downloads\apache-tomcat-8.5.28\webapps\examples] has finished in [1,019] ms
02-Mar-2018 23:51:20.254 INFO [localhost-startStop-1] org.apache.catalina.startup.HostConfig.deployDirectory Deploying web application directory [C:\Users\ojwoo\Downloads\apache-tomcat-8.5.28\webapps\host-manager]
02-Mar-2018 23:51:20.371 INFO [localhost-startStop-1] org.apache.jasper.servlet.TldScanner.scanJars At least one JAR was scanned for TLDs yet contained no TLDs. Enable debug logging for this logger for a complete list of JARs that were scanned but no TLDs were found in them. Skipping unneeded JARs during scanning can improve startup time and JSP compilation time.
02-Mar-2018 23:51:20.387 INFO [localhost-startStop-1] org.apache.catalina.startup.HostConfig.deployDirectory Deployment of web application directory [C:\Users\ojwoo\Downloads\apache-tomcat-8.5.28\webapps\host-manager] has finished in [133] ms
02-Mar-2018 23:51:20.392 INFO [localhost-startStop-1] org.apache.catalina.startup.HostConfig.deployDirectory Deploying web application directory [C:\Users\ojwoo\Downloads\apache-tomcat-8.5.28\webapps\manager]
02-Mar-2018 23:51:20.531 INFO [localhost-startStop-1] org.apache.jasper.servlet.TldScanner.scanJars At least one JAR was scanned for TLDs yet contained no TLDs. Enable debug logging for this logger for a complete list of JARs that were scanned but no TLDs were found in them. Skipping unneeded JARs during scanning can improve startup time and JSP compilation time.
02-Mar-2018 23:51:20.536 INFO [localhost-startStop-1] org.apache.catalina.startup.HostConfig.deployDirectory Deployment of web application directory [C:\Users\ojwoo\Downloads\apache-tomcat-8.5.28\webapps\manager] has finished in [144] ms
02-Mar-2018 23:51:20.536 INFO [localhost-startStop-1] org.apache.catalina.startup.HostConfig.deployDirectory Deploying web application directory [C:\Users\ojwoo\Downloads\apache-tomcat-8.5.28\webapps\ROOT]
02-Mar-2018 23:51:20.638 INFO [localhost-startStop-1] org.apache.jasper.servlet.TldScanner.scanJars At least one JAR was scanned for TLDs yet contained no TLDs. Enable debug logging for this logger for a complete list of JARs that were scanned but no TLDs were found in them. Skipping unneeded JARs during scanning can improve startup time and JSP compilation time.
02-Mar-2018 23:51:20.654 INFO [localhost-startStop-1] org.apache.catalina.startup.HostConfig.deployDirectory Deployment of web application directory [C:\Users\ojwoo\Downloads\apache-tomcat-8.5.28\webapps\ROOT] has finished in [118] ms
02-Mar-2018 23:51:20.654 INFO [main] org.apache.coyote.AbstractProtocol.start Starting ProtocolHandler ["http-nio-8080"]
02-Mar-2018 23:51:20.669 INFO [main] org.apache.coyote.AbstractProtocol.start Starting ProtocolHandler ["ajp-nio-8009"]
02-Mar-2018 23:51:20.685 INFO [main] org.apache.catalina.startup.Catalina.start Server startup in 2930 ms
