01-Mar-2018 12:03:34.625 INFO [main] org.apache.catalina.startup.VersionLoggerListener.log Server version:        Apache Tomcat/8.5.28
01-Mar-2018 12:03:34.625 INFO [main] org.apache.catalina.startup.VersionLoggerListener.log Server built:          Feb 6 2018 23:10:25 UTC
01-Mar-2018 12:03:34.625 INFO [main] org.apache.catalina.startup.VersionLoggerListener.log Server number:         8.5.28.0
01-Mar-2018 12:03:34.625 INFO [main] org.apache.catalina.startup.VersionLoggerListener.log OS Name:               Windows 10
01-Mar-2018 12:03:34.625 INFO [main] org.apache.catalina.startup.VersionLoggerListener.log OS Version:            10.0
01-Mar-2018 12:03:34.625 INFO [main] org.apache.catalina.startup.VersionLoggerListener.log Architecture:          amd64
01-Mar-2018 12:03:34.625 INFO [main] org.apache.catalina.startup.VersionLoggerListener.log Java Home:             C:\Program Files\Java\jre1.8.0_161
01-Mar-2018 12:03:34.625 INFO [main] org.apache.catalina.startup.VersionLoggerListener.log JVM Version:           1.8.0_161-b12
01-Mar-2018 12:03:34.625 INFO [main] org.apache.catalina.startup.VersionLoggerListener.log JVM Vendor:            Oracle Corporation
01-Mar-2018 12:03:34.625 INFO [main] org.apache.catalina.startup.VersionLoggerListener.log CATALINA_BASE:         C:\Users\ojwoo\Downloads\apache-tomcat-8.5.28
01-Mar-2018 12:03:34.625 INFO [main] org.apache.catalina.startup.VersionLoggerListener.log CATALINA_HOME:         C:\Users\ojwoo\Downloads\apache-tomcat-8.5.28
01-Mar-2018 12:03:34.625 INFO [main] org.apache.catalina.startup.VersionLoggerListener.log Command line argument: -Djava.util.logging.config.file=C:\Users\ojwoo\Downloads\apache-tomcat-8.5.28\conf\logging.properties
01-Mar-2018 12:03:34.625 INFO [main] org.apache.catalina.startup.VersionLoggerListener.log Command line argument: -Djava.util.logging.manager=org.apache.juli.ClassLoaderLogManager
01-Mar-2018 12:03:34.625 INFO [main] org.apache.catalina.startup.VersionLoggerListener.log Command line argument: -Djdk.tls.ephemeralDHKeySize=2048
01-Mar-2018 12:03:34.625 INFO [main] org.apache.catalina.startup.VersionLoggerListener.log Command line argument: -Djava.protocol.handler.pkgs=org.apache.catalina.webresources
01-Mar-2018 12:03:34.625 INFO [main] org.apache.catalina.startup.VersionLoggerListener.log Command line argument: -Dignore.endorsed.dirs=
01-Mar-2018 12:03:34.625 INFO [main] org.apache.catalina.startup.VersionLoggerListener.log Command line argument: -Dcatalina.base=C:\Users\ojwoo\Downloads\apache-tomcat-8.5.28
01-Mar-2018 12:03:34.625 INFO [main] org.apache.catalina.startup.VersionLoggerListener.log Command line argument: -Dcatalina.home=C:\Users\ojwoo\Downloads\apache-tomcat-8.5.28
01-Mar-2018 12:03:34.625 INFO [main] org.apache.catalina.startup.VersionLoggerListener.log Command line argument: -Djava.io.tmpdir=C:\Users\ojwoo\Downloads\apache-tomcat-8.5.28\temp
01-Mar-2018 12:03:34.625 INFO [main] org.apache.catalina.core.AprLifecycleListener.lifecycleEvent Loaded APR based Apache Tomcat Native library [1.2.16] using APR version [1.6.3].
01-Mar-2018 12:03:34.625 INFO [main] org.apache.catalina.core.AprLifecycleListener.lifecycleEvent APR capabilities: IPv6 [true], sendfile [true], accept filters [false], random [true].
01-Mar-2018 12:03:34.625 INFO [main] org.apache.catalina.core.AprLifecycleListener.lifecycleEvent APR/OpenSSL configuration: useAprConnector [false], useOpenSSL [true]
01-Mar-2018 12:03:35.437 INFO [main] org.apache.catalina.core.AprLifecycleListener.initializeSSL OpenSSL successfully initialized [OpenSSL 1.0.2m  2 Nov 2017]
01-Mar-2018 12:03:35.703 INFO [main] org.apache.coyote.AbstractProtocol.init Initializing ProtocolHandler ["http-nio-8080"]
01-Mar-2018 12:03:36.093 INFO [main] org.apache.tomcat.util.net.NioSelectorPool.getSharedSelector Using a shared selector for servlet write/read
01-Mar-2018 12:03:36.109 INFO [main] org.apache.coyote.AbstractProtocol.init Initializing ProtocolHandler ["ajp-nio-8009"]
01-Mar-2018 12:03:36.109 INFO [main] org.apache.tomcat.util.net.NioSelectorPool.getSharedSelector Using a shared selector for servlet write/read
01-Mar-2018 12:03:36.125 INFO [main] org.apache.catalina.startup.Catalina.load Initialization processed in 2037 ms
01-Mar-2018 12:03:36.187 INFO [main] org.apache.catalina.core.StandardService.startInternal Starting service [Catalina]
01-Mar-2018 12:03:36.187 INFO [main] org.apache.catalina.core.StandardEngine.startInternal Starting Servlet Engine: Apache Tomcat/8.5.28
01-Mar-2018 12:03:36.250 INFO [localhost-startStop-1] org.apache.catalina.startup.HostConfig.deployWAR Deploying web application archive [C:\Users\ojwoo\Downloads\apache-tomcat-8.5.28\webapps\VirtualTradingAssistant.war]
01-Mar-2018 12:03:37.971 INFO [localhost-startStop-1] org.apache.jasper.servlet.TldScanner.scanJars At least one JAR was scanned for TLDs yet contained no TLDs. Enable debug logging for this logger for a complete list of JARs that were scanned but no TLDs were found in them. Skipping unneeded JARs during scanning can improve startup time and JSP compilation time.
01-Mar-2018 12:03:38.187 INFO [localhost-startStop-1] org.apache.catalina.startup.HostConfig.deployWAR Deployment of web application archive [C:\Users\ojwoo\Downloads\apache-tomcat-8.5.28\webapps\VirtualTradingAssistant.war] has finished in [1,937] ms
01-Mar-2018 12:03:38.191 INFO [localhost-startStop-1] org.apache.catalina.startup.HostConfig.deployDirectory Deploying web application directory [C:\Users\ojwoo\Downloads\apache-tomcat-8.5.28\webapps\docs]
01-Mar-2018 12:03:38.407 INFO [localhost-startStop-1] org.apache.jasper.servlet.TldScanner.scanJars At least one JAR was scanned for TLDs yet contained no TLDs. Enable debug logging for this logger for a complete list of JARs that were scanned but no TLDs were found in them. Skipping unneeded JARs during scanning can improve startup time and JSP compilation time.
01-Mar-2018 12:03:38.411 INFO [localhost-startStop-1] org.apache.catalina.startup.HostConfig.deployDirectory Deployment of web application directory [C:\Users\ojwoo\Downloads\apache-tomcat-8.5.28\webapps\docs] has finished in [220] ms
01-Mar-2018 12:03:38.427 INFO [localhost-startStop-1] org.apache.catalina.startup.HostConfig.deployDirectory Deploying web application directory [C:\Users\ojwoo\Downloads\apache-tomcat-8.5.28\webapps\examples]
01-Mar-2018 12:03:39.435 INFO [localhost-startStop-1] org.apache.jasper.servlet.TldScanner.scanJars At least one JAR was scanned for TLDs yet contained no TLDs. Enable debug logging for this logger for a complete list of JARs that were scanned but no TLDs were found in them. Skipping unneeded JARs during scanning can improve startup time and JSP compilation time.
01-Mar-2018 12:03:39.631 INFO [localhost-startStop-1] org.apache.catalina.startup.HostConfig.deployDirectory Deployment of web application directory [C:\Users\ojwoo\Downloads\apache-tomcat-8.5.28\webapps\examples] has finished in [1,204] ms
01-Mar-2018 12:03:39.631 INFO [localhost-startStop-1] org.apache.catalina.startup.HostConfig.deployDirectory Deploying web application directory [C:\Users\ojwoo\Downloads\apache-tomcat-8.5.28\webapps\host-manager]
01-Mar-2018 12:03:39.807 INFO [localhost-startStop-1] org.apache.jasper.servlet.TldScanner.scanJars At least one JAR was scanned for TLDs yet contained no TLDs. Enable debug logging for this logger for a complete list of JARs that were scanned but no TLDs were found in them. Skipping unneeded JARs during scanning can improve startup time and JSP compilation time.
01-Mar-2018 12:03:39.823 INFO [localhost-startStop-1] org.apache.catalina.startup.HostConfig.deployDirectory Deployment of web application directory [C:\Users\ojwoo\Downloads\apache-tomcat-8.5.28\webapps\host-manager] has finished in [192] ms
01-Mar-2018 12:03:39.831 INFO [localhost-startStop-1] org.apache.catalina.startup.HostConfig.deployDirectory Deploying web application directory [C:\Users\ojwoo\Downloads\apache-tomcat-8.5.28\webapps\manager]
01-Mar-2018 12:03:39.975 INFO [localhost-startStop-1] org.apache.jasper.servlet.TldScanner.scanJars At least one JAR was scanned for TLDs yet contained no TLDs. Enable debug logging for this logger for a complete list of JARs that were scanned but no TLDs were found in them. Skipping unneeded JARs during scanning can improve startup time and JSP compilation time.
01-Mar-2018 12:03:39.995 INFO [localhost-startStop-1] org.apache.catalina.startup.HostConfig.deployDirectory Deployment of web application directory [C:\Users\ojwoo\Downloads\apache-tomcat-8.5.28\webapps\manager] has finished in [164] ms
01-Mar-2018 12:03:39.995 INFO [localhost-startStop-1] org.apache.catalina.startup.HostConfig.deployDirectory Deploying web application directory [C:\Users\ojwoo\Downloads\apache-tomcat-8.5.28\webapps\ROOT]
01-Mar-2018 12:03:40.135 INFO [localhost-startStop-1] org.apache.jasper.servlet.TldScanner.scanJars At least one JAR was scanned for TLDs yet contained no TLDs. Enable debug logging for this logger for a complete list of JARs that were scanned but no TLDs were found in them. Skipping unneeded JARs during scanning can improve startup time and JSP compilation time.
01-Mar-2018 12:03:40.163 INFO [localhost-startStop-1] org.apache.catalina.startup.HostConfig.deployDirectory Deployment of web application directory [C:\Users\ojwoo\Downloads\apache-tomcat-8.5.28\webapps\ROOT] has finished in [168] ms
01-Mar-2018 12:03:40.175 INFO [main] org.apache.coyote.AbstractProtocol.start Starting ProtocolHandler ["http-nio-8080"]
01-Mar-2018 12:03:40.195 INFO [main] org.apache.coyote.AbstractProtocol.start Starting ProtocolHandler ["ajp-nio-8009"]
01-Mar-2018 12:03:40.203 INFO [main] org.apache.catalina.startup.Catalina.start Server startup in 4071 ms
01-Mar-2018 23:46:03.753 INFO [main] org.apache.catalina.startup.VersionLoggerListener.log Server version:        Apache Tomcat/8.5.28
01-Mar-2018 23:46:03.769 INFO [main] org.apache.catalina.startup.VersionLoggerListener.log Server built:          Feb 6 2018 23:10:25 UTC
01-Mar-2018 23:46:03.769 INFO [main] org.apache.catalina.startup.VersionLoggerListener.log Server number:         8.5.28.0
01-Mar-2018 23:46:03.769 INFO [main] org.apache.catalina.startup.VersionLoggerListener.log OS Name:               Windows 10
01-Mar-2018 23:46:03.769 INFO [main] org.apache.catalina.startup.VersionLoggerListener.log OS Version:            10.0
01-Mar-2018 23:46:03.769 INFO [main] org.apache.catalina.startup.VersionLoggerListener.log Architecture:          amd64
01-Mar-2018 23:46:03.769 INFO [main] org.apache.catalina.startup.VersionLoggerListener.log Java Home:             C:\Program Files\Java\jre1.8.0_161
01-Mar-2018 23:46:03.769 INFO [main] org.apache.catalina.startup.VersionLoggerListener.log JVM Version:           1.8.0_161-b12
01-Mar-2018 23:46:03.769 INFO [main] org.apache.catalina.startup.VersionLoggerListener.log JVM Vendor:            Oracle Corporation
01-Mar-2018 23:46:03.769 INFO [main] org.apache.catalina.startup.VersionLoggerListener.log CATALINA_BASE:         C:\Users\ojwoo\Downloads\apache-tomcat-8.5.28
01-Mar-2018 23:46:03.769 INFO [main] org.apache.catalina.startup.VersionLoggerListener.log CATALINA_HOME:         C:\Users\ojwoo\Downloads\apache-tomcat-8.5.28
01-Mar-2018 23:46:03.769 INFO [main] org.apache.catalina.startup.VersionLoggerListener.log Command line argument: -Djava.util.logging.config.file=C:\Users\ojwoo\Downloads\apache-tomcat-8.5.28\conf\logging.properties
01-Mar-2018 23:46:03.769 INFO [main] org.apache.catalina.startup.VersionLoggerListener.log Command line argument: -Djava.util.logging.manager=org.apache.juli.ClassLoaderLogManager
01-Mar-2018 23:46:03.769 INFO [main] org.apache.catalina.startup.VersionLoggerListener.log Command line argument: -Djdk.tls.ephemeralDHKeySize=2048
01-Mar-2018 23:46:03.769 INFO [main] org.apache.catalina.startup.VersionLoggerListener.log Command line argument: -Djava.protocol.handler.pkgs=org.apache.catalina.webresources
01-Mar-2018 23:46:03.769 INFO [main] org.apache.catalina.startup.VersionLoggerListener.log Command line argument: -Dignore.endorsed.dirs=
01-Mar-2018 23:46:03.769 INFO [main] org.apache.catalina.startup.VersionLoggerListener.log Command line argument: -Dcatalina.base=C:\Users\ojwoo\Downloads\apache-tomcat-8.5.28
01-Mar-2018 23:46:03.769 INFO [main] org.apache.catalina.startup.VersionLoggerListener.log Command line argument: -Dcatalina.home=C:\Users\ojwoo\Downloads\apache-tomcat-8.5.28
01-Mar-2018 23:46:03.769 INFO [main] org.apache.catalina.startup.VersionLoggerListener.log Command line argument: -Djava.io.tmpdir=C:\Users\ojwoo\Downloads\apache-tomcat-8.5.28\temp
01-Mar-2018 23:46:03.769 INFO [main] org.apache.catalina.core.AprLifecycleListener.lifecycleEvent Loaded APR based Apache Tomcat Native library [1.2.16] using APR version [1.6.3].
01-Mar-2018 23:46:03.769 INFO [main] org.apache.catalina.core.AprLifecycleListener.lifecycleEvent APR capabilities: IPv6 [true], sendfile [true], accept filters [false], random [true].
01-Mar-2018 23:46:03.769 INFO [main] org.apache.catalina.core.AprLifecycleListener.lifecycleEvent APR/OpenSSL configuration: useAprConnector [false], useOpenSSL [true]
01-Mar-2018 23:46:04.407 INFO [main] org.apache.catalina.core.AprLifecycleListener.initializeSSL OpenSSL successfully initialized [OpenSSL 1.0.2m  2 Nov 2017]
01-Mar-2018 23:46:04.584 INFO [main] org.apache.coyote.AbstractProtocol.init Initializing ProtocolHandler ["http-nio-8080"]
01-Mar-2018 23:46:04.589 SEVERE [main] org.apache.catalina.core.StandardService.initInternal Failed to initialize connector [Connector[HTTP/1.1-8080]]
 org.apache.catalina.LifecycleException: Failed to initialize component [Connector[HTTP/1.1-8080]]
	at org.apache.catalina.util.LifecycleBase.init(LifecycleBase.java:113)
	at org.apache.catalina.core.StandardService.initInternal(StandardService.java:549)
	at org.apache.catalina.util.LifecycleBase.init(LifecycleBase.java:107)
	at org.apache.catalina.core.StandardServer.initInternal(StandardServer.java:875)
	at org.apache.catalina.util.LifecycleBase.init(LifecycleBase.java:107)
	at org.apache.catalina.startup.Catalina.load(Catalina.java:632)
	at org.apache.catalina.startup.Catalina.load(Catalina.java:655)
	at sun.reflect.NativeMethodAccessorImpl.invoke0(Native Method)
	at sun.reflect.NativeMethodAccessorImpl.invoke(Unknown Source)
	at sun.reflect.DelegatingMethodAccessorImpl.invoke(Unknown Source)
	at java.lang.reflect.Method.invoke(Unknown Source)
	at org.apache.catalina.startup.Bootstrap.load(Bootstrap.java:309)
	at org.apache.catalina.startup.Bootstrap.main(Bootstrap.java:492)
Caused by: org.apache.catalina.LifecycleException: Protocol handler initialization failed
	at org.apache.catalina.connector.Connector.initInternal(Connector.java:996)
	at org.apache.catalina.util.LifecycleBase.init(LifecycleBase.java:107)
	... 12 more
Caused by: java.net.BindException: Address already in use: bind
	at sun.nio.ch.Net.bind0(Native Method)
	at sun.nio.ch.Net.bind(Unknown Source)
	at sun.nio.ch.Net.bind(Unknown Source)
	at sun.nio.ch.ServerSocketChannelImpl.bind(Unknown Source)
	at sun.nio.ch.ServerSocketAdaptor.bind(Unknown Source)
	at org.apache.tomcat.util.net.NioEndpoint.bind(NioEndpoint.java:210)
	at org.apache.tomcat.util.net.AbstractEndpoint.init(AbstractEndpoint.java:1086)
	at org.apache.tomcat.util.net.AbstractJsseEndpoint.init(AbstractJsseEndpoint.java:268)
	at org.apache.coyote.AbstractProtocol.init(AbstractProtocol.java:581)
	at org.apache.coyote.http11.AbstractHttp11Protocol.init(AbstractHttp11Protocol.java:68)
	at org.apache.catalina.connector.Connector.initInternal(Connector.java:993)
	... 13 more

01-Mar-2018 23:46:04.589 INFO [main] org.apache.coyote.AbstractProtocol.init Initializing ProtocolHandler ["ajp-nio-8009"]
01-Mar-2018 23:46:04.589 SEVERE [main] org.apache.catalina.core.StandardService.initInternal Failed to initialize connector [Connector[AJP/1.3-8009]]
 org.apache.catalina.LifecycleException: Failed to initialize component [Connector[AJP/1.3-8009]]
	at org.apache.catalina.util.LifecycleBase.init(LifecycleBase.java:113)
	at org.apache.catalina.core.StandardService.initInternal(StandardService.java:549)
	at org.apache.catalina.util.LifecycleBase.init(LifecycleBase.java:107)
	at org.apache.catalina.core.StandardServer.initInternal(StandardServer.java:875)
	at org.apache.catalina.util.LifecycleBase.init(LifecycleBase.java:107)
	at org.apache.catalina.startup.Catalina.load(Catalina.java:632)
	at org.apache.catalina.startup.Catalina.load(Catalina.java:655)
	at sun.reflect.NativeMethodAccessorImpl.invoke0(Native Method)
	at sun.reflect.NativeMethodAccessorImpl.invoke(Unknown Source)
	at sun.reflect.DelegatingMethodAccessorImpl.invoke(Unknown Source)
	at java.lang.reflect.Method.invoke(Unknown Source)
	at org.apache.catalina.startup.Bootstrap.load(Bootstrap.java:309)
	at org.apache.catalina.startup.Bootstrap.main(Bootstrap.java:492)
Caused by: org.apache.catalina.LifecycleException: Protocol handler initialization failed
	at org.apache.catalina.connector.Connector.initInternal(Connector.java:996)
	at org.apache.catalina.util.LifecycleBase.init(LifecycleBase.java:107)
	... 12 more
Caused by: java.net.BindException: Address already in use: bind
	at sun.nio.ch.Net.bind0(Native Method)
	at sun.nio.ch.Net.bind(Unknown Source)
	at sun.nio.ch.Net.bind(Unknown Source)
	at sun.nio.ch.ServerSocketChannelImpl.bind(Unknown Source)
	at sun.nio.ch.ServerSocketAdaptor.bind(Unknown Source)
	at org.apache.tomcat.util.net.NioEndpoint.bind(NioEndpoint.java:210)
	at org.apache.tomcat.util.net.AbstractEndpoint.init(AbstractEndpoint.java:1086)
	at org.apache.tomcat.util.net.AbstractJsseEndpoint.init(AbstractJsseEndpoint.java:268)
	at org.apache.coyote.AbstractProtocol.init(AbstractProtocol.java:581)
	at org.apache.catalina.connector.Connector.initInternal(Connector.java:993)
	... 13 more

01-Mar-2018 23:46:04.589 INFO [main] org.apache.catalina.startup.Catalina.load Initialization processed in 1240 ms
01-Mar-2018 23:46:04.620 INFO [main] org.apache.catalina.core.StandardService.startInternal Starting service [Catalina]
01-Mar-2018 23:46:04.635 INFO [main] org.apache.catalina.core.StandardEngine.startInternal Starting Servlet Engine: Apache Tomcat/8.5.28
01-Mar-2018 23:46:04.651 INFO [localhost-startStop-1] org.apache.catalina.startup.HostConfig.deployWAR Deploying web application archive [C:\Users\ojwoo\Downloads\apache-tomcat-8.5.28\webapps\VirtualTradingAssistant.war]
01-Mar-2018 23:46:05.093 INFO [localhost-startStop-1] org.apache.jasper.servlet.TldScanner.scanJars At least one JAR was scanned for TLDs yet contained no TLDs. Enable debug logging for this logger for a complete list of JARs that were scanned but no TLDs were found in them. Skipping unneeded JARs during scanning can improve startup time and JSP compilation time.
01-Mar-2018 23:46:05.262 WARNING [localhost-startStop-1] org.apache.catalina.util.SessionIdGeneratorBase.createSecureRandom Creation of SecureRandom instance for session ID generation using [SHA1PRNG] took [130] milliseconds.
01-Mar-2018 23:46:05.294 INFO [localhost-startStop-1] org.apache.catalina.startup.HostConfig.deployWAR Deployment of web application archive [C:\Users\ojwoo\Downloads\apache-tomcat-8.5.28\webapps\VirtualTradingAssistant.war] has finished in [643] ms
01-Mar-2018 23:46:05.294 INFO [localhost-startStop-1] org.apache.catalina.startup.HostConfig.deployDirectory Deploying web application directory [C:\Users\ojwoo\Downloads\apache-tomcat-8.5.28\webapps\docs]
01-Mar-2018 23:46:05.394 INFO [localhost-startStop-1] org.apache.jasper.servlet.TldScanner.scanJars At least one JAR was scanned for TLDs yet contained no TLDs. Enable debug logging for this logger for a complete list of JARs that were scanned but no TLDs were found in them. Skipping unneeded JARs during scanning can improve startup time and JSP compilation time.
01-Mar-2018 23:46:05.394 INFO [localhost-startStop-1] org.apache.catalina.startup.HostConfig.deployDirectory Deployment of web application directory [C:\Users\ojwoo\Downloads\apache-tomcat-8.5.28\webapps\docs] has finished in [100] ms
01-Mar-2018 23:46:05.394 INFO [localhost-startStop-1] org.apache.catalina.startup.HostConfig.deployDirectory Deploying web application directory [C:\Users\ojwoo\Downloads\apache-tomcat-8.5.28\webapps\examples]
01-Mar-2018 23:46:05.726 INFO [localhost-startStop-1] org.apache.jasper.servlet.TldScanner.scanJars At least one JAR was scanned for TLDs yet contained no TLDs. Enable debug logging for this logger for a complete list of JARs that were scanned but no TLDs were found in them. Skipping unneeded JARs during scanning can improve startup time and JSP compilation time.
01-Mar-2018 23:46:05.804 INFO [localhost-startStop-1] org.apache.catalina.startup.HostConfig.deployDirectory Deployment of web application directory [C:\Users\ojwoo\Downloads\apache-tomcat-8.5.28\webapps\examples] has finished in [410] ms
01-Mar-2018 23:46:05.804 INFO [localhost-startStop-1] org.apache.catalina.startup.HostConfig.deployDirectory Deploying web application directory [C:\Users\ojwoo\Downloads\apache-tomcat-8.5.28\webapps\host-manager]
01-Mar-2018 23:46:05.873 INFO [localhost-startStop-1] org.apache.jasper.servlet.TldScanner.scanJars At least one JAR was scanned for TLDs yet contained no TLDs. Enable debug logging for this logger for a complete list of JARs that were scanned but no TLDs were found in them. Skipping unneeded JARs during scanning can improve startup time and JSP compilation time.
01-Mar-2018 23:46:05.873 INFO [localhost-startStop-1] org.apache.catalina.startup.HostConfig.deployDirectory Deployment of web application directory [C:\Users\ojwoo\Downloads\apache-tomcat-8.5.28\webapps\host-manager] has finished in [69] ms
01-Mar-2018 23:46:05.873 INFO [localhost-startStop-1] org.apache.catalina.startup.HostConfig.deployDirectory Deploying web application directory [C:\Users\ojwoo\Downloads\apache-tomcat-8.5.28\webapps\manager]
01-Mar-2018 23:46:05.944 INFO [localhost-startStop-1] org.apache.jasper.servlet.TldScanner.scanJars At least one JAR was scanned for TLDs yet contained no TLDs. Enable debug logging for this logger for a complete list of JARs that were scanned but no TLDs were found in them. Skipping unneeded JARs during scanning can improve startup time and JSP compilation time.
01-Mar-2018 23:46:05.944 INFO [localhost-startStop-1] org.apache.catalina.startup.HostConfig.deployDirectory Deployment of web application directory [C:\Users\ojwoo\Downloads\apache-tomcat-8.5.28\webapps\manager] has finished in [71] ms
01-Mar-2018 23:46:05.944 INFO [localhost-startStop-1] org.apache.catalina.startup.HostConfig.deployDirectory Deploying web application directory [C:\Users\ojwoo\Downloads\apache-tomcat-8.5.28\webapps\ROOT]
01-Mar-2018 23:46:06.006 INFO [localhost-startStop-1] org.apache.jasper.servlet.TldScanner.scanJars At least one JAR was scanned for TLDs yet contained no TLDs. Enable debug logging for this logger for a complete list of JARs that were scanned but no TLDs were found in them. Skipping unneeded JARs during scanning can improve startup time and JSP compilation time.
01-Mar-2018 23:46:06.006 INFO [localhost-startStop-1] org.apache.catalina.startup.HostConfig.deployDirectory Deployment of web application directory [C:\Users\ojwoo\Downloads\apache-tomcat-8.5.28\webapps\ROOT] has finished in [62] ms
01-Mar-2018 23:46:06.022 INFO [main] org.apache.catalina.startup.Catalina.start Server startup in 1420 ms
01-Mar-2018 23:46:06.026 SEVERE [main] org.apache.catalina.core.StandardServer.await StandardServer.await: create[localhost:8005]: 
 java.net.BindException: Address already in use: JVM_Bind
	at java.net.DualStackPlainSocketImpl.bind0(Native Method)
	at java.net.DualStackPlainSocketImpl.socketBind(Unknown Source)
	at java.net.AbstractPlainSocketImpl.bind(Unknown Source)
	at java.net.PlainSocketImpl.bind(Unknown Source)
	at java.net.ServerSocket.bind(Unknown Source)
	at java.net.ServerSocket.<init>(Unknown Source)
	at org.apache.catalina.core.StandardServer.await(StandardServer.java:441)
	at org.apache.catalina.startup.Catalina.await(Catalina.java:769)
	at org.apache.catalina.startup.Catalina.start(Catalina.java:715)
	at sun.reflect.NativeMethodAccessorImpl.invoke0(Native Method)
	at sun.reflect.NativeMethodAccessorImpl.invoke(Unknown Source)
	at sun.reflect.DelegatingMethodAccessorImpl.invoke(Unknown Source)
	at java.lang.reflect.Method.invoke(Unknown Source)
	at org.apache.catalina.startup.Bootstrap.start(Bootstrap.java:353)
	at org.apache.catalina.startup.Bootstrap.main(Bootstrap.java:493)

01-Mar-2018 23:46:06.026 INFO [main] org.apache.coyote.AbstractProtocol.pause Pausing ProtocolHandler ["http-nio-8080"]
01-Mar-2018 23:46:06.026 INFO [main] org.apache.coyote.AbstractProtocol.pause Pausing ProtocolHandler ["ajp-nio-8009"]
01-Mar-2018 23:46:06.026 INFO [main] org.apache.catalina.core.StandardService.stopInternal Stopping service [Catalina]
01-Mar-2018 23:46:06.042 INFO [main] org.apache.coyote.AbstractProtocol.stop Stopping ProtocolHandler ["http-nio-8080"]
01-Mar-2018 23:46:06.042 INFO [main] org.apache.coyote.AbstractProtocol.destroy Destroying ProtocolHandler ["http-nio-8080"]
01-Mar-2018 23:46:06.042 INFO [main] org.apache.coyote.AbstractProtocol.stop Stopping ProtocolHandler ["ajp-nio-8009"]
01-Mar-2018 23:46:06.042 INFO [main] org.apache.coyote.AbstractProtocol.destroy Destroying ProtocolHandler ["ajp-nio-8009"]
01-Mar-2018 23:46:23.468 INFO [ContainerBackgroundProcessor[StandardEngine[Catalina]]] org.apache.catalina.startup.HostConfig.undeploy Undeploying context [/VirtualTradingAssistant]
01-Mar-2018 23:46:33.556 INFO [localhost-startStop-2] org.apache.catalina.startup.HostConfig.deployWAR Deploying web application archive [C:\Users\ojwoo\Downloads\apache-tomcat-8.5.28\webapps\VirtualTradingAssistant.war]
01-Mar-2018 23:46:34.075 INFO [localhost-startStop-2] org.apache.catalina.startup.HostConfig.deployWAR Deployment of web application archive [C:\Users\ojwoo\Downloads\apache-tomcat-8.5.28\webapps\VirtualTradingAssistant.war] has finished in [518] ms
01-Mar-2018 23:49:14.787 INFO [ContainerBackgroundProcessor[StandardEngine[Catalina]]] org.apache.catalina.startup.HostConfig.undeploy Undeploying context [/VirtualTradingAssistant]
01-Mar-2018 23:49:14.845 INFO [localhost-startStop-3] org.apache.catalina.startup.HostConfig.deployWAR Deploying web application archive [C:\Users\ojwoo\Downloads\apache-tomcat-8.5.28\webapps\VirtualTradingAssistant.war]
01-Mar-2018 23:49:15.269 INFO [localhost-startStop-3] org.apache.catalina.startup.HostConfig.deployWAR Deployment of web application archive [C:\Users\ojwoo\Downloads\apache-tomcat-8.5.28\webapps\VirtualTradingAssistant.war] has finished in [424] ms
01-Mar-2018 23:51:15.451 INFO [ContainerBackgroundProcessor[StandardEngine[Catalina]]] org.apache.catalina.startup.HostConfig.undeploy Undeploying context [/VirtualTradingAssistant]
01-Mar-2018 23:51:15.477 INFO [localhost-startStop-4] org.apache.catalina.startup.HostConfig.deployWAR Deploying web application archive [C:\Users\ojwoo\Downloads\apache-tomcat-8.5.28\webapps\VirtualTradingAssistant.war]
01-Mar-2018 23:51:15.922 INFO [localhost-startStop-4] org.apache.catalina.startup.HostConfig.deployWAR Deployment of web application archive [C:\Users\ojwoo\Downloads\apache-tomcat-8.5.28\webapps\VirtualTradingAssistant.war] has finished in [444] ms
01-Mar-2018 23:53:16.541 INFO [ContainerBackgroundProcessor[StandardEngine[Catalina]]] org.apache.catalina.startup.HostConfig.undeploy Undeploying context [/VirtualTradingAssistant]
01-Mar-2018 23:53:26.592 INFO [localhost-startStop-5] org.apache.catalina.startup.HostConfig.deployWAR Deploying web application archive [C:\Users\ojwoo\Downloads\apache-tomcat-8.5.28\webapps\VirtualTradingAssistant.war]
01-Mar-2018 23:53:27.018 INFO [localhost-startStop-5] org.apache.catalina.startup.HostConfig.deployWAR Deployment of web application archive [C:\Users\ojwoo\Downloads\apache-tomcat-8.5.28\webapps\VirtualTradingAssistant.war] has finished in [427] ms
